
#PROGRESS REPORT

#gene list (AGI loci + TE IDs) loaded
#background loaded
#representative models loaded
#cold/hotspots loaded
#GFF3 loaded
#OVERLAP done (general)
#OVERLAP done (protein-coding genes)
#FOLD-ENRICHMENT + FISHER TEST for p-value done

################################################

#INPUT FILES

#INPUT LIST:	list_Tnochange.txt
#BACKGROUND:	COLD_NOfilter.bkg

#TAIR MODELS:	TAIR10_representative_gene_models.txt
#GFF3 ANNOT.:	TAIR10_GFF3_genes.gff
#RNA ANNOT.:	Li_coldspots.txt

################################################

#FILTERING OPTIONS (cold/hotspots)

#min SCORE:	-100000.0
#max SCORE:	100000.0
#MIN length:	0
#MAX length:	100000000

################################################

#GENERAL STATISTICS

#N cold/hotspots passing filtering:	33187
#(N unique coordinates passing filtering):	33187

#N genes with mapped model:	150
#(TOTAL genes from list):	150
#N mapped Transposable Elements:	0
#(TOTAL TrEl from list):	0

#N genes (list vs background)
all_protein-coding	150 	26405
all_5UTRgene	149 	19250
all_3UTRgene	149 	20071
all_pseudogene	0 	760
all_TrElgene	0 	2427
all_miRNA	0 	139
all_snRNA	0 	12
all_snoRNA	0 	41
all_tRNA	0 	16
all_rRNA	0 	3
all_other_non-coding	0 	370
all_TrEl	0 	0

#OVERLAP STATISTICS (strand-specific), LIST vs BACKGROUND + FOLD ENRICHMENT + FISHER P-VALUE (HYPERGEOMETRIC TEST)

#N genes with cold/hotspot overlap (spot partially contained in gene limits)
protein-coding	96 	14174 	1.19 	1.09e-02
pseudogene	0 	70 	- 	-
TrElgene	0 	94 	- 	-
miRNA	0 	7 	- 	-
snRNA	0 	1 	- 	-
snoRNA	0 	0 	- 	-
tRNA	0 	2 	- 	-
rRNA	0 	2 	- 	-
other_non-coding	0 	146 	- 	-
TrEl	0 	0 	- 	-

#N genes with cold/hotspot overlap (spot FULLY contained in gene limits)
protein-coding	93 	13983 	1.17 	2.68e-02
pseudogene	0 	69 	- 	-
TrElgene	0 	91 	- 	-
miRNA	0 	6 	- 	-
snRNA	0 	1 	- 	-
snoRNA	0 	0 	- 	-
tRNA	0 	2 	- 	-
rRNA	0 	1 	- 	-
other_non-coding	0 	141 	- 	-
TrEl	0 	0 	- 	-

#N protein-coding genes with cold/hotspot overlapping exon feature (spot partially contained in gene limits)
5UTR	7 	1100 	0.82 	7.24e-01
3UTR	14 	1989 	0.95 	1.00e+00
CDS	68 	11241 	1.06 	5.08e-01
exon	80 	13147 	1.07 	4.13e-01

#N protein-coding genes with cold/hotspot overlapping exon feature (spot FULLY contained in gene limits)
5UTR	5 	988 	0.65 	4.53e-01
3UTR	12 	1852 	0.87 	7.76e-01
CDS	67 	11040 	1.07 	5.07e-01
exon	76 	12747 	1.05 	5.67e-01

#N protein-coding genes with cold/hotspot not overlapping exon feature (spot partially contained in gene limits)
intron	16 	1027 	2.74 	2.55e-04

#N protein-coding genes with cold/hotspot not overlapping exon feature (spot FULLY contained in gene limits)
intron	16 	1023 	2.75 	2.44e-04

#N protein-coding genes with cold/hotspot FULLY CONTAINED IN EXON FEATURE LIMITS
CDS_FULL	46 	8451 	0.96 	7.92e-01
exon_FULL	62 	11146 	0.98 	8.69e-01

***WARNING: YOU CANNOT USE THIS AS BACKGROUND FILE!***

