
#PROGRESS REPORT

#gene list (AGI loci + TE IDs) loaded
#background loaded
#representative models loaded
#cold/hotspots loaded
#GFF3 loaded
#OVERLAP done (general)
#OVERLAP done (protein-coding genes)
#FOLD-ENRICHMENT + FISHER TEST for p-value done

################################################

#INPUT FILES

#INPUT LIST:	list_ALL_noLOADneg.txt
#BACKGROUND:	COLD_NOfilter.bkg

#TAIR MODELS:	TAIR10_representative_gene_models.txt
#GFF3 ANNOT.:	TAIR10_GFF3_genes.gff
#RNA ANNOT.:	Li_coldspots.txt

################################################

#FILTERING OPTIONS (cold/hotspots)

#min SCORE:	-100000.0
#max SCORE:	100000.0
#MIN length:	0
#MAX length:	100000000

################################################

#GENERAL STATISTICS

#N cold/hotspots passing filtering:	33187
#(N unique coordinates passing filtering):	33187

#N genes with mapped model:	233
#(TOTAL genes from list):	233
#N mapped Transposable Elements:	0
#(TOTAL TrEl from list):	0

#N genes (list vs background)
all_protein-coding	230 	26405
all_5UTRgene	226 	19250
all_3UTRgene	226 	20071
all_pseudogene	0 	760
all_TrElgene	0 	2427
all_miRNA	1 	139
all_snRNA	0 	12
all_snoRNA	0 	41
all_tRNA	0 	16
all_rRNA	0 	3
all_other_non-coding	2 	370
all_TrEl	0 	0

#OVERLAP STATISTICS (strand-specific), LIST vs BACKGROUND + FOLD ENRICHMENT + FISHER P-VALUE (HYPERGEOMETRIC TEST)

#N genes with cold/hotspot overlap (spot partially contained in gene limits)
protein-coding	157 	14174 	1.27 	7.55e-06
pseudogene	0 	70 	- 	-
TrElgene	0 	94 	- 	-
miRNA	0 	7 	- 	-
snRNA	0 	1 	- 	-
snoRNA	0 	0 	- 	-
tRNA	0 	2 	- 	-
rRNA	0 	2 	- 	-
other_non-coding	0 	146 	- 	-
TrEl	0 	0 	- 	-

#N genes with cold/hotspot overlap (spot FULLY contained in gene limits)
protein-coding	153 	13983 	1.26 	3.53e-05
pseudogene	0 	69 	- 	-
TrElgene	0 	91 	- 	-
miRNA	0 	6 	- 	-
snRNA	0 	1 	- 	-
snoRNA	0 	0 	- 	-
tRNA	0 	2 	- 	-
rRNA	0 	1 	- 	-
other_non-coding	0 	141 	- 	-
TrEl	0 	0 	- 	-

#N protein-coding genes with cold/hotspot overlapping exon feature (spot partially contained in gene limits)
5UTR	12 	1100 	0.93 	1.00e+00
3UTR	28 	1989 	1.25 	2.17e-01
CDS	117 	11241 	1.19 	1.09e-02
exon	139 	13147 	1.21 	1.43e-03

#N protein-coding genes with cold/hotspot overlapping exon feature (spot FULLY contained in gene limits)
5UTR	9 	988 	0.78 	5.43e-01
3UTR	24 	1852 	1.15 	4.87e-01
CDS	116 	11040 	1.21 	8.74e-03
exon	132 	12747 	1.19 	6.47e-03

#N protein-coding genes with cold/hotspot not overlapping exon feature (spot partially contained in gene limits)
intron	18 	1027 	2.01 	5.10e-03

#N protein-coding genes with cold/hotspot not overlapping exon feature (spot FULLY contained in gene limits)
intron	18 	1023 	2.02 	4.98e-03

#N protein-coding genes with cold/hotspot FULLY CONTAINED IN EXON FEATURE LIMITS
CDS_FULL	78 	8451 	1.06 	5.24e-01
exon_FULL	108 	11146 	1.11 	1.59e-01

***WARNING: YOU CANNOT USE THIS AS BACKGROUND FILE!***

