
#PROGRESS REPORT

#gene list (AGI loci) loaded
#background loaded
#representative models loaded
#RNA loaded
#GFF3 loaded
#OVERLAP done (general)
#OVERLAP done (protein-coding genes)
#FOLD-ENRICHMENT + FISHER TEST for p-value done

################################################

#INPUT FILES

#INPUT LIST:	list_LOADneg.txt
#BACKGROUND:	allgenesArray_L6.bkg

#TAIR MODELS:	TAIR10_representative_gene_models.txt
#GFF3 ANNOT.:	TAIR10_GFF3_genes.gff
#RNA ANNOT.:	UCSC_RNAstr_annotation.txt

################################################

#FILTERING OPTIONS (RNA structure)

#min SCORE:	0
#MIN length:	6
#MAX length:	1000

################################################

#OUTPUT STATISTICS

#unique RNA coordinates passing filtering:	86258
#(total allowing identical coordinates):	86535

#N genes with mapped model:	10
#(original N genes from list):	10

#N genes (list vs background)
all_protein-coding	7 	26405 	0.80 	1.19e-01
all_5UTRgene	6 	19250 	1.18 	6.82e-01
all_3UTRgene	6 	20071 	1.13 	1.00e+00
all_pseudogene	0 	760 	- 	-
all_TrEl	1 	2427 	1.24 	5.68e-01
all_miRNA	0 	139 	- 	-
all_snRNA	0 	12 	- 	-
all_snoRNA	0 	41 	- 	-
all_tRNA	0 	16 	- 	-
all_rRNA	0 	3 	- 	-
all_other_non-coding	2 	370 	16.31 	6.32e-03

#OVERLAP STATISTICS, LIST vs BACKGROUND + FOLD ENRICHMENT + FISHER P-VALUE (HYPERGEOMETRIC TEST)

#N genes with RNA structure overlap (RNA partially contained in gene limits)
protein-coding	3 	18020 	0.63 	2.19e-01
pseudogene	0 	249 	- 	-
TrEl	0 	73 	- 	-
miRNA	0 	42 	- 	-
snRNA	0 	12 	- 	-
snoRNA	0 	8 	- 	-
tRNA	0 	2 	- 	-
rRNA	0 	0 	- 	-
other_non-coding	0 	158 	- 	-

#N genes with RNA structure overlap (RNA FULLY contained in gene limits)
protein-coding	3 	17998 	0.63 	2.19e-01
pseudogene	0 	243 	- 	-
TrEl	0 	72 	- 	-
miRNA	0 	36 	- 	-
snRNA	0 	12 	- 	-
snoRNA	0 	6 	- 	-
tRNA	0 	2 	- 	-
rRNA	0 	0 	- 	-
other_non-coding	0 	156 	- 	-

#N protein-coding genes with RNA structure overlapping exon feature (partial overlap)
5UTR	0 	108 	- 	-
3UTR	0 	171 	- 	-
CDS	3 	17728 	0.64 	2.28e-01
exon	3 	17898 	0.63 	2.22e-01

#N protein-coding genes with RNA structure overlapping exon feature (FULL overlap)
5UTR	0 	58 	- 	-
3UTR	0 	92 	- 	-
CDS	3 	15329 	0.74 	4.63e-01
exon	3 	15581 	0.73 	4.55e-01

***WARNING: YOU CANNOT USE THIS AS BACKGROUND FILE!***

