
#PROGRESS REPORT

#gene list (AGI loci) loaded
#background loaded
#representative models loaded
#RNA loaded
#GFF3 loaded
#OVERLAP done (general)
#OVERLAP done (protein-coding genes)
#FOLD-ENRICHMENT + FISHER TEST for p-value done

################################################

#INPUT FILES

#INPUT LIST:	list_LOADneg.txt
#BACKGROUND:	background_files_cutoffs/allgenesArray.L15.bkg

#TAIR MODELS:	TAIR10_representative_gene_models.txt
#GFF3 ANNOT.:	TAIR10_GFF3_genes.gff
#RNA ANNOT.:	UCSC_RNAstr_annotation.txt

################################################

#FILTERING OPTIONS (RNA structure)

#min SCORE:	0
#MIN length:	15
#MAX length:	1000

################################################

#OUTPUT STATISTICS

#unique RNA coordinates passing filtering:	61078
#(total allowing identical coordinates):	61340

#N genes with mapped model:	10
#(original N genes from list):	10

#N genes (list vs background)
all_protein-coding	7 	26405 	0.80 	1.19e-01
all_5UTRgene	6 	19250 	1.18 	6.82e-01
all_3UTRgene	6 	20071 	1.13 	1.00e+00
all_pseudogene	0 	760 	- 	-
all_TrEl	1 	2427 	1.24 	5.68e-01
all_miRNA	0 	139 	- 	-
all_snRNA	0 	12 	- 	-
all_snoRNA	0 	41 	- 	-
all_tRNA	0 	16 	- 	-
all_rRNA	0 	3 	- 	-
all_other_non-coding	2 	370 	16.31 	6.32e-03

#OVERLAP STATISTICS, LIST vs BACKGROUND + FOLD ENRICHMENT + FISHER P-VALUE (HYPERGEOMETRIC TEST)

#N genes with RNA structure overlap (RNA partially contained in gene limits)
protein-coding	2 	16202 	0.47 	1.16e-01
pseudogene	0 	200 	- 	-
TrEl	0 	58 	- 	-
miRNA	0 	35 	- 	-
snRNA	0 	12 	- 	-
snoRNA	0 	7 	- 	-
tRNA	0 	2 	- 	-
rRNA	0 	0 	- 	-
other_non-coding	0 	133 	- 	-

#N genes with RNA structure overlap (RNA FULLY contained in gene limits)
protein-coding	2 	16175 	0.47 	1.17e-01
pseudogene	0 	194 	- 	-
TrEl	0 	57 	- 	-
miRNA	0 	29 	- 	-
snRNA	0 	12 	- 	-
snoRNA	0 	6 	- 	-
tRNA	0 	2 	- 	-
rRNA	0 	0 	- 	-
other_non-coding	0 	130 	- 	-

#N protein-coding genes with RNA structure overlapping exon feature (partial overlap)
5UTR	0 	102 	- 	-
3UTR	0 	155 	- 	-
CDS	2 	15954 	0.47 	1.22e-01
exon	2 	16095 	0.47 	1.19e-01

#N protein-coding genes with RNA structure overlapping exon feature (FULL overlap)
5UTR	0 	50 	- 	-
3UTR	0 	73 	- 	-
CDS	2 	13394 	0.56 	2.82e-01
exon	2 	13624 	0.55 	2.75e-01

***WARNING: YOU CANNOT USE THIS AS BACKGROUND FILE!***

