
#PROGRESS REPORT

#gene list (AGI loci) loaded
#background loaded
#representative models loaded
#RNA loaded
#GFF3 loaded
#OVERLAP done (general)
#OVERLAP done (protein-coding genes)
#FOLD-ENRICHMENT + FISHER TEST for p-value done

################################################

#INPUT FILES

#INPUT LIST:	list_Tneg.txt
#BACKGROUND:	background_files_cutoffs/allgenesArray.L100.bkg

#TAIR MODELS:	TAIR10_representative_gene_models.txt
#GFF3 ANNOT.:	TAIR10_GFF3_genes.gff
#RNA ANNOT.:	UCSC_RNAstr_annotation.txt

################################################

#FILTERING OPTIONS (RNA structure)

#min SCORE:	0
#MIN length:	100
#MAX length:	1000

################################################

#OUTPUT STATISTICS

#unique RNA coordinates passing filtering:	5654
#(total allowing identical coordinates):	5671

#N genes with mapped model:	76
#(original N genes from list):	76

#N genes (list vs background)
all_protein-coding	73 	26405 	1.10 	2.22e-02
all_5UTRgene	70 	19250 	1.32 	4.87e-07
all_3UTRgene	70 	20071 	1.26 	6.70e-06
all_pseudogene	0 	760 	- 	-
all_TrEl	0 	2427 	- 	-
all_miRNA	1 	139 	2.86 	2.96e-01
all_snRNA	0 	12 	- 	-
all_snoRNA	0 	41 	- 	-
all_tRNA	0 	16 	- 	-
all_rRNA	0 	3 	- 	-
all_other_non-coding	2 	370 	2.15 	2.39e-01

#OVERLAP STATISTICS, LIST vs BACKGROUND + FOLD ENRICHMENT + FISHER P-VALUE (HYPERGEOMETRIC TEST)

#N genes with RNA structure overlap (RNA partially contained in gene limits)
protein-coding	11 	1287 	3.09 	7.81e-04
pseudogene	0 	18 	- 	-
TrEl	0 	2 	- 	-
miRNA	0 	1 	- 	-
snRNA	0 	0 	- 	-
snoRNA	0 	0 	- 	-
tRNA	0 	0 	- 	-
rRNA	0 	0 	- 	-
other_non-coding	1 	6 	30.83 	3.22e-02

#N genes with RNA structure overlap (RNA FULLY contained in gene limits)
protein-coding	11 	1281 	3.11 	7.51e-04
pseudogene	0 	15 	- 	-
TrEl	0 	2 	- 	-
miRNA	0 	1 	- 	-
snRNA	0 	0 	- 	-
snoRNA	0 	0 	- 	-
tRNA	0 	0 	- 	-
rRNA	0 	0 	- 	-
other_non-coding	0 	5 	- 	-

#N protein-coding genes with RNA structure overlapping exon feature (partial overlap)
5UTR	0 	7 	- 	-
3UTR	0 	14 	- 	-
CDS	11 	1276 	3.12 	7.28e-04
exon	11 	1282 	3.10 	7.56e-04

#N protein-coding genes with RNA structure overlapping exon feature (FULL overlap)
5UTR	0 	2 	- 	-
3UTR	0 	3 	- 	-
CDS	6 	853 	2.54 	3.05e-02
exon	6 	873 	2.49 	3.36e-02

***WARNING: YOU CANNOT USE THIS AS BACKGROUND FILE!***

