
#PROGRESS REPORT

#gene list (AGI loci) loaded
#background loaded
#representative models loaded
#RNA loaded
#GFF3 loaded
#OVERLAP done (general)
#OVERLAP done (protein-coding genes)
#FOLD-ENRICHMENT + FISHER TEST for p-value done

################################################

#INPUT FILES

#INPUT LIST:	list_Tneg.txt
#BACKGROUND:	background_files_cutoffs/allgenesArray.L15.bkg

#TAIR MODELS:	TAIR10_representative_gene_models.txt
#GFF3 ANNOT.:	TAIR10_GFF3_genes.gff
#RNA ANNOT.:	UCSC_RNAstr_annotation.txt

################################################

#FILTERING OPTIONS (RNA structure)

#min SCORE:	0
#MIN length:	15
#MAX length:	1000

################################################

#OUTPUT STATISTICS

#unique RNA coordinates passing filtering:	61078
#(total allowing identical coordinates):	61340

#N genes with mapped model:	76
#(original N genes from list):	76

#N genes (list vs background)
all_protein-coding	73 	26405 	1.10 	2.22e-02
all_5UTRgene	70 	19250 	1.32 	4.87e-07
all_3UTRgene	70 	20071 	1.26 	6.70e-06
all_pseudogene	0 	760 	- 	-
all_TrEl	0 	2427 	- 	-
all_miRNA	1 	139 	2.86 	2.96e-01
all_snRNA	0 	12 	- 	-
all_snoRNA	0 	41 	- 	-
all_tRNA	0 	16 	- 	-
all_rRNA	0 	3 	- 	-
all_other_non-coding	2 	370 	2.15 	2.39e-01

#OVERLAP STATISTICS, LIST vs BACKGROUND + FOLD ENRICHMENT + FISHER P-VALUE (HYPERGEOMETRIC TEST)

#N genes with RNA structure overlap (RNA partially contained in gene limits)
protein-coding	51 	16202 	1.14 	1.49e-01
pseudogene	0 	200 	- 	-
TrEl	0 	58 	- 	-
miRNA	0 	35 	- 	-
snRNA	0 	12 	- 	-
snoRNA	0 	7 	- 	-
tRNA	0 	2 	- 	-
rRNA	0 	0 	- 	-
other_non-coding	1 	133 	1.39 	1.00e+00

#N genes with RNA structure overlap (RNA FULLY contained in gene limits)
protein-coding	51 	16175 	1.14 	1.49e-01
pseudogene	0 	194 	- 	-
TrEl	0 	57 	- 	-
miRNA	0 	29 	- 	-
snRNA	0 	12 	- 	-
snoRNA	0 	6 	- 	-
tRNA	0 	2 	- 	-
rRNA	0 	0 	- 	-
other_non-coding	1 	130 	1.42 	1.00e+00

#N protein-coding genes with RNA structure overlapping exon feature (partial overlap)
5UTR	0 	102 	- 	-
3UTR	0 	155 	- 	-
CDS	51 	15954 	1.16 	1.19e-01
exon	51 	16095 	1.15 	1.49e-01

#N protein-coding genes with RNA structure overlapping exon feature (FULL overlap)
5UTR	0 	50 	- 	-
3UTR	0 	73 	- 	-
CDS	43 	13394 	1.16 	1.97e-01
exon	43 	13624 	1.14 	2.41e-01

***WARNING: YOU CANNOT USE THIS AS BACKGROUND FILE!***

