
#PROGRESS REPORT

#gene list (AGI loci) loaded
#background loaded
#representative models loaded
#RNA coords. loaded
#GFF3 loaded
#OVERLAP done (general)
#OVERLAP done (protein-coding genes)
#FOLD-ENRICHMENT + FISHER TEST for p-value done

################################################

#INPUT FILES

#INPUT LIST:	list_Tnochange.txt
#BACKGROUND:	allgenesArray_L6.bkg

#TAIR MODELS:	TAIR10_representative_gene_models.txt
#GFF3 ANNOT.:	TAIR10_GFF3_genes.gff
#RNA ANNOT.:	UCSC_RNAstr_annotation.txt

################################################

#FILTERING OPTIONS (RNAs)

#min SCORE:	0
#MIN length:	6
#MAX length:	1000

################################################

#GENERAL STATISTICS

#N RNA structures passing filtering:	86535
#(N unique coordinates passing filtering):	86258

#N genes with mapped model:	150
#(original N genes from list):	150

#N genes (list vs background)
all_protein-coding	150 	26405 	1.14 	2.99e-09
all_5UTRgene	149 	19250 	1.36 	1.99e-19
all_3UTRgene	149 	20071 	1.31 	9.54e-17
all_pseudogene	0 	760 	- 	-
all_TrEl	0 	2427 	- 	-
all_miRNA	0 	139 	- 	-
all_snRNA	0 	12 	- 	-
all_snoRNA	0 	41 	- 	-
all_tRNA	0 	16 	- 	-
all_rRNA	0 	3 	- 	-
all_other_non-coding	0 	370 	- 	-

#OVERLAP STATISTICS, LIST vs BACKGROUND + FOLD ENRICHMENT + FISHER P-VALUE (HYPERGEOMETRIC TEST)

#N genes with RNA structure overlap (RNA partially contained in gene limits)
protein-coding	122 	18127 	1.18 	5.46e-04
pseudogene	0 	253 	- 	-
TrEl	0 	77 	- 	-
miRNA	0 	42 	- 	-
snRNA	0 	12 	- 	-
snoRNA	0 	8 	- 	-
tRNA	0 	15 	- 	-
rRNA	0 	3 	- 	-
other_non-coding	0 	159 	- 	-

#N genes with RNA structure overlap (RNA FULLY contained in gene limits)
protein-coding	122 	18099 	1.19 	5.41e-04
pseudogene	0 	247 	- 	-
TrEl	0 	75 	- 	-
miRNA	0 	36 	- 	-
snRNA	0 	12 	- 	-
snoRNA	0 	6 	- 	-
tRNA	0 	13 	- 	-
rRNA	0 	3 	- 	-
other_non-coding	0 	157 	- 	-

#N protein-coding genes with RNA structure overlapping exon feature (partial overlap)
5UTR	2 	108 	2.39 	2.04e-01
3UTR	2 	173 	1.56 	3.68e-01
CDS	122 	17826 	1.20 	2.15e-04
exon	122 	17998 	1.19 	3.99e-04

#N protein-coding genes with RNA structure overlapping exon feature (FULL overlap)
5UTR	0 	58 	- 	-
3UTR	0 	94 	- 	-
CDS	93 	15410 	1.06 	4.06e-01
exon	96 	15664 	1.08 	2.79e-01

***WARNING: YOU CANNOT USE THIS AS BACKGROUND FILE!***

