
#PROGRESS REPORT

#gene list (AGI loci) loaded
#background loaded
#representative models loaded
#RNA coords. loaded
#GFF3 loaded
#OVERLAP done (general)
#OVERLAP done (protein-coding genes)
#FOLD-ENRICHMENT + FISHER TEST for p-value done

################################################

#INPUT FILES

#INPUT LIST:	list_ALL_noLOADneg.txt
#BACKGROUND:	allgenesArray_L15.bkg

#TAIR MODELS:	TAIR10_representative_gene_models.txt
#GFF3 ANNOT.:	TAIR10_GFF3_genes.gff
#RNA ANNOT.:	UCSC_RNAstr_annotation.txt

################################################

#FILTERING OPTIONS (RNAs)

#min SCORE:	0
#MIN length:	15
#MAX length:	1000

################################################

#GENERAL STATISTICS

#N RNA structures passing filtering:	61340
#(N unique coordinates passing filtering):	61078

#N genes with mapped model:	233
#(original N genes from list):	233

#N genes (list vs background)
all_protein-coding	230 	26405 	1.13 	3.96e-10
all_5UTRgene	226 	19250 	1.35 	6.59e-26
all_3UTRgene	226 	20071 	1.29 	7.99e-22
all_pseudogene	0 	760 	- 	-
all_TrEl	0 	2427 	- 	-
all_miRNA	1 	139 	0.93 	1.00e+00
all_snRNA	0 	12 	- 	-
all_snoRNA	0 	41 	- 	-
all_tRNA	0 	16 	- 	-
all_rRNA	0 	3 	- 	-
all_other_non-coding	2 	370 	0.70 	1.00e+00

#OVERLAP STATISTICS, LIST vs BACKGROUND + FOLD ENRICHMENT + FISHER P-VALUE (HYPERGEOMETRIC TEST)

#N genes with RNA structure overlap (RNA partially contained in gene limits)
protein-coding	160 	16297 	1.13 	1.41e-02
pseudogene	0 	203 	- 	-
TrEl	0 	61 	- 	-
miRNA	0 	35 	- 	-
snRNA	0 	12 	- 	-
snoRNA	0 	7 	- 	-
tRNA	0 	15 	- 	-
rRNA	0 	3 	- 	-
other_non-coding	1 	134 	1.38 	1.00e+00

#N genes with RNA structure overlap (RNA FULLY contained in gene limits)
protein-coding	160 	16265 	1.13 	1.41e-02
pseudogene	0 	197 	- 	-
TrEl	0 	59 	- 	-
miRNA	0 	29 	- 	-
snRNA	0 	12 	- 	-
snoRNA	0 	6 	- 	-
tRNA	0 	13 	- 	-
rRNA	0 	3 	- 	-
other_non-coding	1 	131 	1.41 	1.00e+00

#N protein-coding genes with RNA structure overlapping exon feature (partial overlap)
5UTR	2 	102 	1.67 	3.37e-01
3UTR	2 	156 	1.14 	6.96e-01
CDS	160 	16042 	1.15 	6.55e-03
exon	160 	16184 	1.13 	9.70e-03

#N protein-coding genes with RNA structure overlapping exon feature (FULL overlap)
5UTR	0 	50 	- 	-
3UTR	0 	74 	- 	-
CDS	122 	13467 	1.04 	5.51e-01
exon	125 	13698 	1.05 	4.66e-01

***WARNING: YOU CANNOT USE THIS AS BACKGROUND FILE!***

