
#PROGRESS REPORT

#gene list (AGI loci) loaded
#background loaded
#representative models loaded
#RNA coords. loaded
#GFF3 loaded
#OVERLAP done (general)
#OVERLAP done (protein-coding genes)
#FOLD-ENRICHMENT + FISHER TEST for p-value done

################################################

#INPUT FILES

#INPUT LIST:	list_Tpos.txt
#BACKGROUND:	allgenesArray_L15_S415.bkg

#TAIR MODELS:	TAIR10_representative_gene_models.txt
#GFF3 ANNOT.:	TAIR10_GFF3_genes.gff
#RNA ANNOT.:	UCSC_RNAstr_annotation.txt

################################################

#FILTERING OPTIONS (RNAs)

#min SCORE:	415
#MIN length:	15
#MAX length:	1000

################################################

#GENERAL STATISTICS

#N RNA structures passing filtering:	2458
#(N unique coordinates passing filtering):	2429

#N genes with mapped model:	7
#(original N genes from list):	7

#N genes (list vs background)
all_protein-coding	7 	26405 	1.14 	1.00e+00
all_5UTRgene	7 	19250 	1.37 	2.01e-01
all_3UTRgene	7 	20071 	1.32 	2.08e-01
all_pseudogene	0 	760 	- 	-
all_TrEl	0 	2427 	- 	-
all_miRNA	0 	139 	- 	-
all_snRNA	0 	12 	- 	-
all_snoRNA	0 	41 	- 	-
all_tRNA	0 	16 	- 	-
all_rRNA	0 	3 	- 	-
all_other_non-coding	0 	370 	- 	-

#OVERLAP STATISTICS, LIST vs BACKGROUND + FOLD ENRICHMENT + FISHER P-VALUE (HYPERGEOMETRIC TEST)

#N genes with RNA structure overlap (RNA partially contained in gene limits)
protein-coding	1 	1491 	2.53 	3.34e-01
pseudogene	0 	9 	- 	-
TrEl	0 	1 	- 	-
miRNA	0 	10 	- 	-
snRNA	0 	8 	- 	-
snoRNA	0 	4 	- 	-
tRNA	0 	4 	- 	-
rRNA	0 	1 	- 	-
other_non-coding	0 	13 	- 	-

#N genes with RNA structure overlap (RNA FULLY contained in gene limits)
protein-coding	1 	1480 	2.55 	3.32e-01
pseudogene	0 	9 	- 	-
TrEl	0 	1 	- 	-
miRNA	0 	9 	- 	-
snRNA	0 	8 	- 	-
snoRNA	0 	4 	- 	-
tRNA	0 	4 	- 	-
rRNA	0 	1 	- 	-
other_non-coding	0 	12 	- 	-

#N protein-coding genes with RNA structure overlapping exon feature (partial overlap)
5UTR	0 	19 	- 	-
3UTR	0 	12 	- 	-
CDS	1 	1442 	2.62 	3.25e-01
exon	1 	1466 	2.57 	3.30e-01

#N protein-coding genes with RNA structure overlapping exon feature (FULL overlap)
5UTR	0 	12 	- 	-
3UTR	0 	8 	- 	-
CDS	1 	1224 	3.08 	2.83e-01
exon	1 	1250 	3.02 	2.88e-01

***WARNING: YOU CANNOT USE THIS AS BACKGROUND FILE!***

