
#PROGRESS REPORT

#gene list (AGI loci) loaded
#background loaded
#representative models loaded
#RNA loaded
#GFF3 loaded
#OVERLAP done (general)
#OVERLAP done (protein-coding genes)
#FOLD-ENRICHMENT + FISHER TEST for p-value done

################################################

#INPUT FILES

#INPUT LIST:	list_Tpos.txt
#BACKGROUND:	background_files_cutoffs/allgenesArray.L25.bkg

#TAIR MODELS:	TAIR10_representative_gene_models.txt
#GFF3 ANNOT.:	TAIR10_GFF3_genes.gff
#RNA ANNOT.:	UCSC_RNAstr_annotation.txt

################################################

#FILTERING OPTIONS (RNA structure)

#min SCORE:	0
#MIN length:	25
#MAX length:	1000

################################################

#OUTPUT STATISTICS

#unique RNA coordinates passing filtering:	43199
#(total allowing identical coordinates):	43435

#N genes with mapped model:	7
#(original N genes from list):	7

#N genes (list vs background)
all_protein-coding	7 	26405 	1.14 	1.00e+00
all_5UTRgene	7 	19250 	1.37 	2.01e-01
all_3UTRgene	7 	20071 	1.32 	2.08e-01
all_pseudogene	0 	760 	- 	-
all_TrEl	0 	2427 	- 	-
all_miRNA	0 	139 	- 	-
all_snRNA	0 	12 	- 	-
all_snoRNA	0 	41 	- 	-
all_tRNA	0 	16 	- 	-
all_rRNA	0 	3 	- 	-
all_other_non-coding	0 	370 	- 	-

#OVERLAP STATISTICS, LIST vs BACKGROUND + FOLD ENRICHMENT + FISHER P-VALUE (HYPERGEOMETRIC TEST)

#N genes with RNA structure overlap (RNA partially contained in gene limits)
protein-coding	6 	5653 	4.00 	5.49e-04
pseudogene	0 	87 	- 	-
TrEl	0 	11 	- 	-
miRNA	0 	5 	- 	-
snRNA	0 	1 	- 	-
snoRNA	0 	0 	- 	-
tRNA	0 	1 	- 	-
rRNA	0 	0 	- 	-
other_non-coding	0 	54 	- 	-

#N genes with RNA structure overlap (RNA FULLY contained in gene limits)
protein-coding	6 	5638 	4.01 	5.41e-04
pseudogene	0 	83 	- 	-
TrEl	0 	11 	- 	-
miRNA	0 	2 	- 	-
snRNA	0 	1 	- 	-
snoRNA	0 	0 	- 	-
tRNA	0 	1 	- 	-
rRNA	0 	0 	- 	-
other_non-coding	0 	54 	- 	-

#N protein-coding genes with RNA structure overlapping exon feature (partial overlap)
5UTR	0 	35 	- 	-
3UTR	0 	63 	- 	-
CDS	6 	5576 	4.06 	5.07e-04
exon	6 	5617 	4.03 	5.29e-04

#N protein-coding genes with RNA structure overlapping exon feature (FULL overlap)
5UTR	0 	14 	- 	-
3UTR	0 	21 	- 	-
CDS	3 	4484 	2.52 	1.00e-01
exon	3 	4573 	2.47 	1.05e-01

***WARNING: YOU CANNOT USE THIS AS BACKGROUND FILE!***

