
#PROGRESS REPORT

#gene list (AGI loci) loaded
#background loaded
#representative models loaded
#RNA loaded
#GFF3 loaded
#OVERLAP done (general)
#OVERLAP done (protein-coding genes)
#FOLD-ENRICHMENT + FISHER TEST for p-value done

################################################

#INPUT FILES

#INPUT LIST:	list_Tpos.txt
#BACKGROUND:	allgenesArray_L6.bkg

#TAIR MODELS:	TAIR10_representative_gene_models.txt
#GFF3 ANNOT.:	TAIR10_GFF3_genes.gff
#RNA ANNOT.:	UCSC_RNAstr_annotation.txt

################################################

#FILTERING OPTIONS (RNA structure)

#min SCORE:	0
#MIN length:	6
#MAX length:	1000

################################################

#OUTPUT STATISTICS

#unique RNA coordinates passing filtering:	86258
#(total allowing identical coordinates):	86535

#N genes with mapped model:	7
#(original N genes from list):	7

#N genes (list vs background)
all_protein-coding	7 	26405 	1.14 	1.00e+00
all_5UTRgene	7 	19250 	1.37 	2.01e-01
all_3UTRgene	7 	20071 	1.32 	2.08e-01
all_pseudogene	0 	760 	- 	-
all_TrEl	0 	2427 	- 	-
all_miRNA	0 	139 	- 	-
all_snRNA	0 	12 	- 	-
all_snoRNA	0 	41 	- 	-
all_tRNA	0 	16 	- 	-
all_rRNA	0 	3 	- 	-
all_other_non-coding	0 	370 	- 	-

#OVERLAP STATISTICS, LIST vs BACKGROUND + FOLD ENRICHMENT + FISHER P-VALUE (HYPERGEOMETRIC TEST)

#N genes with RNA structure overlap (RNA partially contained in gene limits)
protein-coding	6 	18020 	1.26 	4.43e-01
pseudogene	0 	249 	- 	-
TrEl	0 	73 	- 	-
miRNA	0 	42 	- 	-
snRNA	0 	12 	- 	-
snoRNA	0 	8 	- 	-
tRNA	0 	2 	- 	-
rRNA	0 	0 	- 	-
other_non-coding	0 	158 	- 	-

#N genes with RNA structure overlap (RNA FULLY contained in gene limits)
protein-coding	6 	17998 	1.26 	4.43e-01
pseudogene	0 	243 	- 	-
TrEl	0 	72 	- 	-
miRNA	0 	36 	- 	-
snRNA	0 	12 	- 	-
snoRNA	0 	6 	- 	-
tRNA	0 	2 	- 	-
rRNA	0 	0 	- 	-
other_non-coding	0 	156 	- 	-

#N protein-coding genes with RNA structure overlapping exon feature (partial overlap)
5UTR	0 	108 	- 	-
3UTR	0 	171 	- 	-
CDS	6 	17728 	1.28 	4.38e-01
exon	6 	17898 	1.26 	4.41e-01

#N protein-coding genes with RNA structure overlapping exon feature (FULL overlap)
5UTR	0 	58 	- 	-
3UTR	0 	92 	- 	-
CDS	5 	15329 	1.23 	7.07e-01
exon	5 	15581 	1.21 	7.08e-01

***WARNING: YOU CANNOT USE THIS AS BACKGROUND FILE!***

