
#PROGRESS REPORT

#gene list (AGI loci) loaded
#background loaded
#representative models loaded
#RNA loaded
#GFF3 loaded
#OVERLAP done (general)
#OVERLAP done (protein-coding genes)
#FOLD-ENRICHMENT + FISHER TEST for p-value done

################################################

#INPUT FILES

#INPUT LIST:	list_ALL_noLOADneg.txt
#BACKGROUND:	background_files_cutoffs/allgenesArray.L100_S201.bkg

#TAIR MODELS:	TAIR10_representative_gene_models.txt
#GFF3 ANNOT.:	TAIR10_GFF3_genes.gff
#RNA ANNOT.:	UCSC_RNAstr_annotation.txt

################################################

#FILTERING OPTIONS (RNA structure)

#min SCORE:	201
#MIN length:	100
#MAX length:	1000

################################################

#OUTPUT STATISTICS

#unique RNA coordinates passing filtering:	2567
#(total allowing identical coordinates):	2573

#N genes with mapped model:	233
#(original N genes from list):	233

#N genes (list vs background)
all_protein-coding	230 	26405 	1.13 	3.96e-10
all_5UTRgene	226 	19250 	1.35 	6.59e-26
all_3UTRgene	226 	20071 	1.29 	7.99e-22
all_pseudogene	0 	760 	- 	-
all_TrEl	0 	2427 	- 	-
all_miRNA	1 	139 	0.93 	1.00e+00
all_snRNA	0 	12 	- 	-
all_snoRNA	0 	41 	- 	-
all_tRNA	0 	16 	- 	-
all_rRNA	0 	3 	- 	-
all_other_non-coding	2 	370 	0.70 	1.00e+00

#OVERLAP STATISTICS, LIST vs BACKGROUND + FOLD ENRICHMENT + FISHER P-VALUE (HYPERGEOMETRIC TEST)

#N genes with RNA structure overlap (RNA partially contained in gene limits)
protein-coding	9 	446 	2.32 	1.68e-02
pseudogene	0 	3 	- 	-
TrEl	0 	1 	- 	-
miRNA	0 	0 	- 	-
snRNA	0 	0 	- 	-
snoRNA	0 	0 	- 	-
tRNA	0 	0 	- 	-
rRNA	0 	0 	- 	-
other_non-coding	0 	3 	- 	-

#N genes with RNA structure overlap (RNA FULLY contained in gene limits)
protein-coding	9 	444 	2.33 	1.63e-02
pseudogene	0 	3 	- 	-
TrEl	0 	1 	- 	-
miRNA	0 	0 	- 	-
snRNA	0 	0 	- 	-
snoRNA	0 	0 	- 	-
tRNA	0 	0 	- 	-
rRNA	0 	0 	- 	-
other_non-coding	0 	2 	- 	-

#N protein-coding genes with RNA structure overlapping exon feature (partial overlap)
5UTR	0 	2 	- 	-
3UTR	0 	4 	- 	-
CDS	9 	445 	2.32 	1.65e-02
exon	9 	445 	2.32 	1.65e-02

#N protein-coding genes with RNA structure overlapping exon feature (FULL overlap)
5UTR	0 	0 	- 	-
3UTR	0 	0 	- 	-
CDS	8 	315 	2.92 	6.61e-03
exon	8 	320 	2.87 	7.24e-03

***WARNING: YOU CANNOT USE THIS AS BACKGROUND FILE!***

