
#PROGRESS REPORT

#gene list (AGI loci) loaded
#background loaded
#representative models loaded
#RNA loaded
#GFF3 loaded
#OVERLAP done (general)
#OVERLAP done (protein-coding genes)
#FOLD-ENRICHMENT + FISHER TEST for p-value done

################################################

#INPUT FILES

#INPUT LIST:	list_ALL_noLOADneg.txt
#BACKGROUND:	background_files_cutoffs/allgenesArray.L15_S201.bkg

#TAIR MODELS:	TAIR10_representative_gene_models.txt
#GFF3 ANNOT.:	TAIR10_GFF3_genes.gff
#RNA ANNOT.:	UCSC_RNAstr_annotation.txt

################################################

#FILTERING OPTIONS (RNA structure)

#min SCORE:	201
#MIN length:	15
#MAX length:	1000

################################################

#OUTPUT STATISTICS

#unique RNA coordinates passing filtering:	27667
#(total allowing identical coordinates):	27770

#N genes with mapped model:	233
#(original N genes from list):	233

#N genes (list vs background)
all_protein-coding	230 	26405 	1.13 	3.96e-10
all_5UTRgene	226 	19250 	1.35 	6.59e-26
all_3UTRgene	226 	20071 	1.29 	7.99e-22
all_pseudogene	0 	760 	- 	-
all_TrEl	0 	2427 	- 	-
all_miRNA	1 	139 	0.93 	1.00e+00
all_snRNA	0 	12 	- 	-
all_snoRNA	0 	41 	- 	-
all_tRNA	0 	16 	- 	-
all_rRNA	0 	3 	- 	-
all_other_non-coding	2 	370 	0.70 	1.00e+00

#OVERLAP STATISTICS, LIST vs BACKGROUND + FOLD ENRICHMENT + FISHER P-VALUE (HYPERGEOMETRIC TEST)

#N genes with RNA structure overlap (RNA partially contained in gene limits)
protein-coding	109 	11385 	1.10 	2.04e-01
pseudogene	0 	105 	- 	-
TrEl	0 	28 	- 	-
miRNA	0 	27 	- 	-
snRNA	0 	12 	- 	-
snoRNA	0 	5 	- 	-
tRNA	0 	2 	- 	-
rRNA	0 	0 	- 	-
other_non-coding	1 	91 	2.03 	4.32e-01

#N genes with RNA structure overlap (RNA FULLY contained in gene limits)
protein-coding	109 	11368 	1.10 	1.82e-01
pseudogene	0 	104 	- 	-
TrEl	0 	27 	- 	-
miRNA	0 	21 	- 	-
snRNA	0 	12 	- 	-
snoRNA	0 	4 	- 	-
tRNA	0 	2 	- 	-
rRNA	0 	0 	- 	-
other_non-coding	0 	87 	- 	-

#N protein-coding genes with RNA structure overlapping exon feature (partial overlap)
5UTR	2 	49 	3.48 	1.13e-01
3UTR	1 	75 	1.18 	5.73e-01
CDS	108 	11233 	1.10 	1.81e-01
exon	108 	11310 	1.10 	2.04e-01

#N protein-coding genes with RNA structure overlapping exon feature (FULL overlap)
5UTR	0 	24 	- 	-
3UTR	0 	42 	- 	-
CDS	83 	9168 	1.04 	6.77e-01
exon	85 	9275 	1.05 	5.79e-01

***WARNING: YOU CANNOT USE THIS AS BACKGROUND FILE!***

