
#PROGRESS REPORT

#gene list (AGI loci) loaded
#background loaded
#representative models loaded
#RNA loaded
#GFF3 loaded
#OVERLAP done (general)
#OVERLAP done (protein-coding genes)
#FOLD-ENRICHMENT + FISHER TEST for p-value done

################################################

#INPUT FILES

#INPUT LIST:	list_ALL_noLOADneg.txt
#BACKGROUND:	background_files_cutoffs/allgenesArray.L25.bkg

#TAIR MODELS:	TAIR10_representative_gene_models.txt
#GFF3 ANNOT.:	TAIR10_GFF3_genes.gff
#RNA ANNOT.:	UCSC_RNAstr_annotation.txt

################################################

#FILTERING OPTIONS (RNA structure)

#min SCORE:	0
#MIN length:	25
#MAX length:	1000

################################################

#OUTPUT STATISTICS

#unique RNA coordinates passing filtering:	43199
#(total allowing identical coordinates):	43435

#N genes with mapped model:	233
#(original N genes from list):	233

#N genes (list vs background)
all_protein-coding	230 	26405 	1.13 	3.96e-10
all_5UTRgene	226 	19250 	1.35 	6.59e-26
all_3UTRgene	226 	20071 	1.29 	7.99e-22
all_pseudogene	0 	760 	- 	-
all_TrEl	0 	2427 	- 	-
all_miRNA	1 	139 	0.93 	1.00e+00
all_snRNA	0 	12 	- 	-
all_snoRNA	0 	41 	- 	-
all_tRNA	0 	16 	- 	-
all_rRNA	0 	3 	- 	-
all_other_non-coding	2 	370 	0.70 	1.00e+00

#OVERLAP STATISTICS, LIST vs BACKGROUND + FOLD ENRICHMENT + FISHER P-VALUE (HYPERGEOMETRIC TEST)

#N genes with RNA structure overlap (RNA partially contained in gene limits)
protein-coding	141 	5653 	2.86 	2.30e-39
pseudogene	0 	87 	- 	-
TrEl	0 	11 	- 	-
miRNA	0 	5 	- 	-
snRNA	0 	1 	- 	-
snoRNA	0 	0 	- 	-
tRNA	0 	1 	- 	-
rRNA	0 	0 	- 	-
other_non-coding	1 	54 	3.43 	2.71e-01

#N genes with RNA structure overlap (RNA FULLY contained in gene limits)
protein-coding	141 	5638 	2.87 	1.68e-39
pseudogene	0 	83 	- 	-
TrEl	0 	11 	- 	-
miRNA	0 	2 	- 	-
snRNA	0 	1 	- 	-
snoRNA	0 	0 	- 	-
tRNA	0 	1 	- 	-
rRNA	0 	0 	- 	-
other_non-coding	1 	54 	3.43 	2.71e-01

#N protein-coding genes with RNA structure overlapping exon feature (partial overlap)
5UTR	1 	35 	2.43 	3.39e-01
3UTR	1 	63 	1.41 	5.11e-01
CDS	141 	5576 	2.90 	4.51e-40
exon	141 	5617 	2.88 	1.08e-39

#N protein-coding genes with RNA structure overlapping exon feature (FULL overlap)
5UTR	0 	14 	- 	-
3UTR	0 	21 	- 	-
CDS	103 	4484 	2.64 	5.28e-23
exon	104 	4573 	2.61 	6.14e-23

***WARNING: YOU CANNOT USE THIS AS BACKGROUND FILE!***

