
#PROGRESS REPORT

#gene list (AGI loci + TE IDs) loaded
#background loaded
#representative models loaded
#cold/hotspots loaded
#GFF3 loaded
#OVERLAP done (general)
#OVERLAP done (protein-coding genes)
#FOLD-ENRICHMENT + FISHER TEST for p-value done

################################################

#INPUT FILES

#INPUT LIST:	list_Tnochange.txt
#BACKGROUND:	HOT_NOfilter.bkg

#TAIR MODELS:	TAIR10_representative_gene_models.txt
#GFF3 ANNOT.:	TAIR10_GFF3_genes.gff
#RNA ANNOT.:	Li_hotspots.txt

################################################

#FILTERING OPTIONS (cold/hotspots)

#min SCORE:	-100000.0
#max SCORE:	100000.0
#MIN length:	0
#MAX length:	100000000

################################################

#GENERAL STATISTICS

#N cold/hotspots passing filtering:	32356
#(N unique coordinates passing filtering):	32356

#N genes with mapped model:	150
#(TOTAL genes from list):	150
#N mapped Transposable Elements:	0
#(TOTAL TrEl from list):	0

#N genes (list vs background)
all_protein-coding	150 	26405
all_5UTRgene	149 	19250
all_3UTRgene	149 	20071
all_pseudogene	0 	760
all_TrElgene	0 	2427
all_miRNA	0 	139
all_snRNA	0 	12
all_snoRNA	0 	41
all_tRNA	0 	16
all_rRNA	0 	3
all_other_non-coding	0 	370
all_TrEl	0 	0

#OVERLAP STATISTICS (strand-specific), LIST vs BACKGROUND + FOLD ENRICHMENT + FISHER P-VALUE (HYPERGEOMETRIC TEST)

#N genes with cold/hotspot overlap (spot partially contained in gene limits)
protein-coding	30 	4452 	1.19 	3.24e-01
pseudogene	0 	111 	- 	-
TrElgene	0 	862 	- 	-
miRNA	0 	16 	- 	-
snRNA	0 	1 	- 	-
snoRNA	0 	19 	- 	-
tRNA	0 	8 	- 	-
rRNA	0 	3 	- 	-
other_non-coding	0 	42 	- 	-
TrEl	0 	0 	- 	-

#N genes with cold/hotspot overlap (spot FULLY contained in gene limits)
protein-coding	30 	4327 	1.22 	2.24e-01
pseudogene	0 	106 	- 	-
TrElgene	0 	829 	- 	-
miRNA	0 	9 	- 	-
snRNA	0 	1 	- 	-
snoRNA	0 	0 	- 	-
tRNA	0 	0 	- 	-
rRNA	0 	2 	- 	-
other_non-coding	0 	41 	- 	-
TrEl	0 	0 	- 	-

#N protein-coding genes with cold/hotspot overlapping exon feature (spot partially contained in gene limits)
5UTR	2 	274 	0.94 	1.00e+00
3UTR	5 	523 	1.29 	4.45e-01
CDS	25 	3682 	1.20 	3.43e-01
exon	29 	4190 	1.22 	2.61e-01

#N protein-coding genes with cold/hotspot overlapping exon feature (spot FULLY contained in gene limits)
5UTR	2 	257 	1.01 	1.00e+00
3UTR	5 	500 	1.35 	4.25e-01
CDS	25 	3543 	1.24 	2.31e-01
exon	29 	4015 	1.27 	1.70e-01

#N protein-coding genes with cold/hotspot not overlapping exon feature (spot partially contained in gene limits)
intron	1 	262 	0.67 	1.00e+00

#N protein-coding genes with cold/hotspot not overlapping exon feature (spot FULLY contained in gene limits)
intron	1 	261 	0.67 	1.00e+00

#N protein-coding genes with cold/hotspot FULLY CONTAINED IN EXON FEATURE LIMITS
CDS_FULL	18 	2616 	1.21 	4.09e-01
exon_FULL	24 	3321 	1.27 	2.16e-01

***WARNING: YOU CANNOT USE THIS AS BACKGROUND FILE!***

