
#PROGRESS REPORT

#gene list (AGI loci) loaded
#background loaded
#representative models loaded
#RNA loaded
#GFF3 loaded
#OVERLAP done (general)
#OVERLAP done (protein-coding genes)
#FOLD-ENRICHMENT + FISHER TEST for p-value done

################################################

#INPUT FILES

#INPUT LIST:	list_Tnochange.txt
#BACKGROUND:	background_files_cutoffs/allgenesArray.L25.bkg

#TAIR MODELS:	TAIR10_representative_gene_models.txt
#GFF3 ANNOT.:	TAIR10_GFF3_genes.gff
#RNA ANNOT.:	UCSC_RNAstr_annotation.txt

################################################

#FILTERING OPTIONS (RNA structure)

#min SCORE:	0
#MIN length:	25
#MAX length:	1000

################################################

#OUTPUT STATISTICS

#unique RNA coordinates passing filtering:	43199
#(total allowing identical coordinates):	43435

#N genes with mapped model:	150
#(original N genes from list):	150

#N genes (list vs background)
all_protein-coding	150 	26405 	1.14 	2.99e-09
all_5UTRgene	149 	19250 	1.36 	1.99e-19
all_3UTRgene	149 	20071 	1.31 	9.54e-17
all_pseudogene	0 	760 	- 	-
all_TrEl	0 	2427 	- 	-
all_miRNA	0 	139 	- 	-
all_snRNA	0 	12 	- 	-
all_snoRNA	0 	41 	- 	-
all_tRNA	0 	16 	- 	-
all_rRNA	0 	3 	- 	-
all_other_non-coding	0 	370 	- 	-

#OVERLAP STATISTICS, LIST vs BACKGROUND + FOLD ENRICHMENT + FISHER P-VALUE (HYPERGEOMETRIC TEST)

#N genes with RNA structure overlap (RNA partially contained in gene limits)
protein-coding	93 	5653 	2.90 	5.81e-27
pseudogene	0 	87 	- 	-
TrEl	0 	11 	- 	-
miRNA	0 	5 	- 	-
snRNA	0 	1 	- 	-
snoRNA	0 	0 	- 	-
tRNA	0 	1 	- 	-
rRNA	0 	0 	- 	-
other_non-coding	0 	54 	- 	-

#N genes with RNA structure overlap (RNA FULLY contained in gene limits)
protein-coding	93 	5638 	2.90 	4.72e-27
pseudogene	0 	83 	- 	-
TrEl	0 	11 	- 	-
miRNA	0 	2 	- 	-
snRNA	0 	1 	- 	-
snoRNA	0 	0 	- 	-
tRNA	0 	1 	- 	-
rRNA	0 	0 	- 	-
other_non-coding	0 	54 	- 	-

#N protein-coding genes with RNA structure overlapping exon feature (partial overlap)
5UTR	1 	35 	3.69 	2.38e-01
3UTR	1 	63 	2.14 	3.75e-01
CDS	93 	5576 	2.94 	1.98e-27
exon	93 	5617 	2.91 	3.52e-27

#N protein-coding genes with RNA structure overlapping exon feature (FULL overlap)
5UTR	0 	14 	- 	-
3UTR	0 	21 	- 	-
CDS	65 	4484 	2.55 	3.23e-14
exon	66 	4573 	2.54 	2.21e-14

***WARNING: YOU CANNOT USE THIS AS BACKGROUND FILE!***

