
#PROGRESS REPORT

#gene list (AGI loci) loaded
#background loaded
#representative models loaded
#RNA loaded
#GFF3 loaded
#OVERLAP done (general)
#OVERLAP done (protein-coding genes)
#FOLD-ENRICHMENT + FISHER TEST for p-value done

################################################

#INPUT FILES

#INPUT LIST:	list_Tnochange.txt
#BACKGROUND:	allgenesArray_S415.bkg

#TAIR MODELS:	TAIR10_representative_gene_models.txt
#GFF3 ANNOT.:	TAIR10_GFF3_genes.gff
#RNA ANNOT.:	UCSC_RNAstr_annotation.txt

################################################

#FILTERING OPTIONS (RNA structure)

#min SCORE:	415
#MIN length:	0
#MAX length:	1000

################################################

#OUTPUT STATISTICS

#unique RNA coordinates passing filtering:	4335
#(total allowing identical coordinates):	4364

#N genes with mapped model:	150
#(original N genes from list):	150

#N genes (list vs background)
all_protein-coding	150 	26405 	1.14 	2.99e-09
all_5UTRgene	149 	19250 	1.36 	1.99e-19
all_3UTRgene	149 	20071 	1.31 	9.54e-17
all_pseudogene	0 	760 	- 	-
all_TrEl	0 	2427 	- 	-
all_miRNA	0 	139 	- 	-
all_snRNA	0 	12 	- 	-
all_snoRNA	0 	41 	- 	-
all_tRNA	0 	16 	- 	-
all_rRNA	0 	3 	- 	-
all_other_non-coding	0 	370 	- 	-

#OVERLAP STATISTICS, LIST vs BACKGROUND + FOLD ENRICHMENT + FISHER P-VALUE (HYPERGEOMETRIC TEST)

#N genes with RNA structure overlap (RNA partially contained in gene limits)
protein-coding	24 	754 	5.60 	7.89e-12
pseudogene	0 	8 	- 	-
TrEl	0 	1 	- 	-
miRNA	0 	4 	- 	-
snRNA	0 	1 	- 	-
snoRNA	0 	0 	- 	-
tRNA	0 	0 	- 	-
rRNA	0 	0 	- 	-
other_non-coding	0 	5 	- 	-

#N genes with RNA structure overlap (RNA FULLY contained in gene limits)
protein-coding	24 	751 	5.63 	7.26e-12
pseudogene	0 	8 	- 	-
TrEl	0 	1 	- 	-
miRNA	0 	4 	- 	-
snRNA	0 	1 	- 	-
snoRNA	0 	0 	- 	-
tRNA	0 	0 	- 	-
rRNA	0 	0 	- 	-
other_non-coding	0 	5 	- 	-

#N protein-coding genes with RNA structure overlapping exon feature (partial overlap)
5UTR	0 	2 	- 	-
3UTR	0 	4 	- 	-
CDS	24 	742 	5.69 	5.65e-12
exon	24 	746 	5.66 	6.32e-12

#N protein-coding genes with RNA structure overlapping exon feature (FULL overlap)
5UTR	0 	0 	- 	-
3UTR	0 	4 	- 	-
CDS	19 	644 	5.19 	4.95e-09
exon	19 	650 	5.15 	5.75e-09

***WARNING: YOU CANNOT USE THIS AS BACKGROUND FILE!***

