
#PROGRESS REPORT

#gene list (AGI loci) loaded
#background loaded
#representative models loaded
#RNA loaded
#GFF3 loaded
#OVERLAP done (general)
#OVERLAP done (protein-coding genes)
#FOLD-ENRICHMENT + FISHER TEST for p-value done

################################################

#INPUT FILES

#INPUT LIST:	list_Tnochange.txt
#BACKGROUND:	background_files_cutoffs/allgenesArray.L50.bkg

#TAIR MODELS:	TAIR10_representative_gene_models.txt
#GFF3 ANNOT.:	TAIR10_GFF3_genes.gff
#RNA ANNOT.:	UCSC_RNAstr_annotation.txt

################################################

#FILTERING OPTIONS (RNA structure)

#min SCORE:	0
#MIN length:	50
#MAX length:	1000

################################################

#OUTPUT STATISTICS

#unique RNA coordinates passing filtering:	21241
#(total allowing identical coordinates):	21423

#N genes with mapped model:	150
#(original N genes from list):	150

#N genes (list vs background)
all_protein-coding	150 	26405 	1.14 	2.99e-09
all_5UTRgene	149 	19250 	1.36 	1.99e-19
all_3UTRgene	149 	20071 	1.31 	9.54e-17
all_pseudogene	0 	760 	- 	-
all_TrEl	0 	2427 	- 	-
all_miRNA	0 	139 	- 	-
all_snRNA	0 	12 	- 	-
all_snoRNA	0 	41 	- 	-
all_tRNA	0 	16 	- 	-
all_rRNA	0 	3 	- 	-
all_other_non-coding	0 	370 	- 	-

#OVERLAP STATISTICS, LIST vs BACKGROUND + FOLD ENRICHMENT + FISHER P-VALUE (HYPERGEOMETRIC TEST)

#N genes with RNA structure overlap (RNA partially contained in gene limits)
protein-coding	60 	3494 	3.02 	2.57e-16
pseudogene	0 	44 	- 	-
TrEl	0 	4 	- 	-
miRNA	0 	2 	- 	-
snRNA	0 	1 	- 	-
snoRNA	0 	0 	- 	-
tRNA	0 	1 	- 	-
rRNA	0 	0 	- 	-
other_non-coding	0 	24 	- 	-

#N genes with RNA structure overlap (RNA FULLY contained in gene limits)
protein-coding	60 	3485 	3.03 	2.28e-16
pseudogene	0 	41 	- 	-
TrEl	0 	4 	- 	-
miRNA	0 	1 	- 	-
snRNA	0 	1 	- 	-
snoRNA	0 	0 	- 	-
tRNA	0 	1 	- 	-
rRNA	0 	0 	- 	-
other_non-coding	0 	24 	- 	-

#N protein-coding genes with RNA structure overlapping exon feature (partial overlap)
5UTR	1 	24 	5.38 	1.70e-01
3UTR	0 	47 	- 	-
CDS	59 	3450 	3.01 	6.34e-16
exon	59 	3473 	2.99 	8.60e-16

#N protein-coding genes with RNA structure overlapping exon feature (FULL overlap)
5UTR	0 	6 	- 	-
3UTR	0 	11 	- 	-
CDS	40 	2515 	2.80 	1.25e-09
exon	40 	2578 	2.73 	2.56e-09

***WARNING: YOU CANNOT USE THIS AS BACKGROUND FILE!***

