
#PROGRESS REPORT

#gene list (AGI loci) loaded
#background loaded
#representative models loaded
#RNA loaded
#GFF3 loaded
#OVERLAP done (general)
#OVERLAP done (protein-coding genes)
#FOLD-ENRICHMENT + FISHER TEST for p-value done

################################################

#INPUT FILES

#INPUT LIST:	list_Tnochange.txt
#BACKGROUND:	background_files_cutoffs/allgenesArray.L15_S201.bkg

#TAIR MODELS:	TAIR10_representative_gene_models.txt
#GFF3 ANNOT.:	TAIR10_GFF3_genes.gff
#RNA ANNOT.:	UCSC_RNAstr_annotation.txt

################################################

#FILTERING OPTIONS (RNA structure)

#min SCORE:	201
#MIN length:	15
#MAX length:	1000

################################################

#OUTPUT STATISTICS

#unique RNA coordinates passing filtering:	27667
#(total allowing identical coordinates):	27770

#N genes with mapped model:	150
#(original N genes from list):	150

#N genes (list vs background)
all_protein-coding	150 	26405 	1.14 	2.99e-09
all_5UTRgene	149 	19250 	1.36 	1.99e-19
all_3UTRgene	149 	20071 	1.31 	9.54e-17
all_pseudogene	0 	760 	- 	-
all_TrEl	0 	2427 	- 	-
all_miRNA	0 	139 	- 	-
all_snRNA	0 	12 	- 	-
all_snoRNA	0 	41 	- 	-
all_tRNA	0 	16 	- 	-
all_rRNA	0 	3 	- 	-
all_other_non-coding	0 	370 	- 	-

#OVERLAP STATISTICS, LIST vs BACKGROUND + FOLD ENRICHMENT + FISHER P-VALUE (HYPERGEOMETRIC TEST)

#N genes with RNA structure overlap (RNA partially contained in gene limits)
protein-coding	74 	11385 	1.14 	1.37e-01
pseudogene	0 	105 	- 	-
TrEl	0 	28 	- 	-
miRNA	0 	27 	- 	-
snRNA	0 	12 	- 	-
snoRNA	0 	5 	- 	-
tRNA	0 	2 	- 	-
rRNA	0 	0 	- 	-
other_non-coding	0 	91 	- 	-

#N genes with RNA structure overlap (RNA FULLY contained in gene limits)
protein-coding	74 	11368 	1.15 	1.36e-01
pseudogene	0 	104 	- 	-
TrEl	0 	27 	- 	-
miRNA	0 	21 	- 	-
snRNA	0 	12 	- 	-
snoRNA	0 	4 	- 	-
tRNA	0 	2 	- 	-
rRNA	0 	0 	- 	-
other_non-coding	0 	87 	- 	-

#N protein-coding genes with RNA structure overlapping exon feature (partial overlap)
5UTR	2 	49 	5.27 	5.52e-02
3UTR	1 	75 	1.80 	4.29e-01
CDS	73 	11233 	1.14 	1.36e-01
exon	73 	11310 	1.14 	1.60e-01

#N protein-coding genes with RNA structure overlapping exon feature (FULL overlap)
5UTR	0 	24 	- 	-
3UTR	0 	42 	- 	-
CDS	55 	9168 	1.06 	6.07e-01
exon	57 	9275 	1.08 	4.93e-01

***WARNING: YOU CANNOT USE THIS AS BACKGROUND FILE!***

