
#PROGRESS REPORT

#gene list (AGI loci) loaded
#background loaded
#representative models loaded
#RNA loaded
#GFF3 loaded
#OVERLAP done (general)
#OVERLAP done (protein-coding genes)
#FOLD-ENRICHMENT + FISHER TEST for p-value done

################################################

#INPUT FILES

#INPUT LIST:	list_Tneg.txt
#BACKGROUND:	allgenesArray.L20.bkg

#TAIR MODELS:	TAIR10_representative_gene_models.txt
#GFF3 ANNOT.:	TAIR10_GFF3_genes.gff
#RNA ANNOT.:	UCSC_RNAstr_annotation.txt

################################################

#FILTERING OPTIONS (RNA structure)

#min SCORE:	0
#MIN length:	20
#MAX length:	1000

################################################

#OUTPUT STATISTICS

#unique RNA coordinates passing filtering:	51118
#(total allowing identical coordinates):	51366

#N genes with mapped model:	76
#(original N genes from list):	76

#N genes (list vs background)
all_protein-coding	73 	26405
all_5UTRgene	70 	19250
all_3UTRgene	70 	20071
all_pseudogene	0 	760
all_TrEl	0 	2427
all_miRNA	1 	139
all_snRNA	0 	12
all_snoRNA	0 	41
all_tRNA	0 	16
all_rRNA	0 	3
all_other_non-coding	2 	370

#OVERLAP STATISTICS, LIST vs BACKGROUND + FOLD ENRICHMENT + FISHER P-VALUE (HYPERGEOMETRIC TEST)

#N genes with RNA structure overlap (RNA partially contained in gene limits)
protein-coding	49 	6165 	2.87 	2.332761e-15
pseudogene	0 	101 	- 	1
TrEl	0 	15 	- 	1
miRNA	0 	6 	- 	1
snRNA	0 	1 	- 	1
snoRNA	0 	0 	- 	1
tRNA	0 	1 	- 	1
rRNA	0 	0 	- 	1
other_non-coding	1 	61 	3.03 	0.3029224

#N genes with RNA structure overlap (RNA FULLY contained in gene limits)
protein-coding	49 	6152 	2.88 	2.134373e-15
pseudogene	0 	96 	- 	1
TrEl	0 	15 	- 	1
miRNA	0 	3 	- 	1
snRNA	0 	1 	- 	1
snoRNA	0 	0 	- 	1
tRNA	0 	0 	- 	1
rRNA	0 	0 	- 	1
other_non-coding	1 	61 	3.03 	0.3029224

#N protein-coding genes with RNA structure overlapping exon feature (RNA partially contained in gene limits)
5UTR	0 	38 	- 	1
3UTR	0 	67 	- 	1
CDS	49 	6079 	2.92 	1.290186e-15
exon	49 	6129 	2.89 	1.822776e-15

#N protein-coding genes with RNA structure overlapping exon feature (RNA FULLY contained in gene limits)
5UTR	0 	36 	- 	1
3UTR	0 	63 	- 	1
CDS	49 	6066 	2.92 	1.17865e-15
exon	49 	6111 	2.90 	1.610188e-15

#N protein-coding genes with RNA structure not overlapping exon feature (RNA partially contained in gene limits)
intron	0 	36 	- 	1

#N protein-coding genes with RNA structure not overlapping exon feature (RNA FULLY contained in gene limits)
intron	0 	33 	- 	1

#N protein-coding genes with RNA structure FULLY CONTAINED IN EXON FEATURE LIMITS
CDS_FULL	42 	4935 	3.08 	1.755629e-13
exon_FULL	42 	5030 	3.02 	3.434977e-13

***WARNING: YOU CANNOT USE THIS AS BACKGROUND FILE!***

