
#PROGRESS REPORT

#gene list (AGI loci) loaded
#background loaded
#representative models loaded
#RNA loaded
#GFF3 loaded
#OVERLAP done (general)
#OVERLAP done (protein-coding genes)
#FOLD-ENRICHMENT + FISHER TEST for p-value done

################################################

#INPUT FILES

#INPUT LIST:	list_Tpos.txt
#BACKGROUND:	allgenesArray.L6_S201.bkg

#TAIR MODELS:	TAIR10_representative_gene_models.txt
#GFF3 ANNOT.:	TAIR10_GFF3_genes.gff
#RNA ANNOT.:	UCSC_RNAstr_annotation.txt

################################################

#FILTERING OPTIONS (RNA structure)

#min SCORE:	201
#MIN length:	6
#MAX length:	1000

################################################

#OUTPUT STATISTICS

#unique RNA coordinates passing filtering:	43389
#(total allowing identical coordinates):	43493

#N genes with mapped model:	7
#(original N genes from list):	7

#N genes (list vs background)
all_protein-coding	7 	26405
all_5UTRgene	7 	19250
all_3UTRgene	7 	20071
all_pseudogene	0 	760
all_TrEl	0 	2427
all_miRNA	0 	139
all_snRNA	0 	12
all_snoRNA	0 	41
all_tRNA	0 	16
all_rRNA	0 	3
all_other_non-coding	0 	370

#OVERLAP STATISTICS, LIST vs BACKGROUND + FOLD ENRICHMENT + FISHER P-VALUE (HYPERGEOMETRIC TEST)

#N genes with RNA structure overlap (RNA partially contained in gene limits)
protein-coding	6 	14411 	1.57 	0.1359476
pseudogene	0 	160 	- 	1
TrEl	0 	35 	- 	1
miRNA	0 	35 	- 	1
snRNA	0 	12 	- 	1
snoRNA	0 	6 	- 	1
tRNA	0 	2 	- 	1
rRNA	0 	0 	- 	1
other_non-coding	0 	116 	- 	1

#N genes with RNA structure overlap (RNA FULLY contained in gene limits)
protein-coding	6 	14395 	1.57 	0.1356584
pseudogene	0 	159 	- 	1
TrEl	0 	34 	- 	1
miRNA	0 	28 	- 	1
snRNA	0 	12 	- 	1
snoRNA	0 	5 	- 	1
tRNA	0 	1 	- 	1
rRNA	0 	0 	- 	1
other_non-coding	0 	112 	- 	1

#N protein-coding genes with RNA structure overlapping exon feature (RNA partially contained in gene limits)
5UTR	0 	51 	- 	1
3UTR	0 	90 	- 	1
CDS	6 	14212 	1.59 	0.1326241
exon	6 	14315 	1.58 	0.1342699

#N protein-coding genes with RNA structure overlapping exon feature (RNA FULLY contained in gene limits)
5UTR	0 	48 	- 	1
3UTR	0 	84 	- 	1
CDS	6 	14194 	1.59 	0.1323529
exon	6 	14291 	1.58 	0.1338721

#N protein-coding genes with RNA structure not overlapping exon feature (RNA partially contained in gene limits)
intron	0 	96 	- 	1

#N protein-coding genes with RNA structure not overlapping exon feature (RNA FULLY contained in gene limits)
intron	0 	94 	- 	1

#N protein-coding genes with RNA structure FULLY CONTAINED IN EXON FEATURE LIMITS
CDS_FULL	5 	11971 	1.58 	0.2565397
exon_FULL	5 	12093 	1.56 	0.2585116

***WARNING: YOU CANNOT USE THIS AS BACKGROUND FILE!***

