
#PROGRESS REPORT

#gene list (AGI loci) loaded
#background loaded
#representative models loaded
#RNA loaded
#GFF3 loaded
#OVERLAP done (general)
#OVERLAP done (protein-coding genes)
#FOLD-ENRICHMENT + FISHER TEST for p-value done

################################################

#INPUT FILES

#INPUT LIST:	list_ALL.txt
#BACKGROUND:	allgenesArray.L20_S415.bkg

#TAIR MODELS:	TAIR10_representative_gene_models.txt
#GFF3 ANNOT.:	TAIR10_GFF3_genes.gff
#RNA ANNOT.:	UCSC_RNAstr_annotation.txt

################################################

#FILTERING OPTIONS (RNA structure)

#min SCORE:	415
#MIN length:	20
#MAX length:	1000

################################################

#OUTPUT STATISTICS

#unique RNA coordinates passing filtering:	1683
#(total allowing identical coordinates):	1712

#N genes with mapped model:	243
#(original N genes from list):	243

#N genes (list vs background)
all_protein-coding	237 	26405
all_5UTRgene	232 	19250
all_3UTRgene	232 	20071
all_pseudogene	0 	760
all_TrEl	1 	2427
all_miRNA	1 	139
all_snRNA	0 	12
all_snoRNA	0 	41
all_tRNA	0 	16
all_rRNA	0 	3
all_other_non-coding	4 	370

#OVERLAP STATISTICS, LIST vs BACKGROUND + FOLD ENRICHMENT + FISHER P-VALUE (HYPERGEOMETRIC TEST)

#N genes with RNA structure overlap (RNA partially contained in gene limits)
protein-coding	6 	233 	2.87 	0.01903226
pseudogene	0 	2 	- 	1
TrEl	0 	0 	- 	1
miRNA	0 	0 	- 	1
snRNA	0 	1 	- 	1
snoRNA	0 	0 	- 	1
tRNA	0 	0 	- 	1
rRNA	0 	0 	- 	1
other_non-coding	0 	3 	- 	1

#N genes with RNA structure overlap (RNA FULLY contained in gene limits)
protein-coding	6 	232 	2.88 	0.01867733
pseudogene	0 	2 	- 	1
TrEl	0 	0 	- 	1
miRNA	0 	0 	- 	1
snRNA	0 	1 	- 	1
snoRNA	0 	0 	- 	1
tRNA	0 	0 	- 	1
rRNA	0 	0 	- 	1
other_non-coding	0 	2 	- 	1

#N protein-coding genes with RNA structure overlapping exon feature (RNA partially contained in gene limits)
5UTR	0 	2 	- 	1
3UTR	0 	2 	- 	1
CDS	6 	226 	2.96 	0.01664255
exon	6 	229 	2.92 	0.01763978

#N protein-coding genes with RNA structure overlapping exon feature (RNA FULLY contained in gene limits)
5UTR	0 	2 	- 	1
3UTR	0 	2 	- 	1
CDS	6 	225 	2.97 	0.01631898
exon	6 	228 	2.93 	0.01730293

#N protein-coding genes with RNA structure not overlapping exon feature (RNA partially contained in gene limits)
intron	0 	4 	- 	1

#N protein-coding genes with RNA structure not overlapping exon feature (RNA FULLY contained in gene limits)
intron	0 	4 	- 	1

#N protein-coding genes with RNA structure FULLY CONTAINED IN EXON FEATURE LIMITS
CDS_FULL	4 	187 	2.38 	0.08841704
exon_FULL	4 	191 	2.33 	0.09375682

***WARNING: YOU CANNOT USE THIS AS BACKGROUND FILE!***

