
#PROGRESS REPORT

#gene list (AGI loci) loaded
#background loaded
#representative models loaded
#RNA loaded
#GFF3 loaded
#OVERLAP done (general)
#OVERLAP done (protein-coding genes)
#FOLD-ENRICHMENT + FISHER TEST for p-value done

################################################

#INPUT FILES

#INPUT LIST:	list_ALL.txt
#BACKGROUND:	allgenesArray.L6_S415.bkg

#TAIR MODELS:	TAIR10_representative_gene_models.txt
#GFF3 ANNOT.:	TAIR10_GFF3_genes.gff
#RNA ANNOT.:	UCSC_RNAstr_annotation.txt

################################################

#FILTERING OPTIONS (RNA structure)

#min SCORE:	415
#MIN length:	6
#MAX length:	1000

################################################

#OUTPUT STATISTICS

#unique RNA coordinates passing filtering:	4335
#(total allowing identical coordinates):	4364

#N genes with mapped model:	243
#(original N genes from list):	243

#N genes (list vs background)
all_protein-coding	237 	26405
all_5UTRgene	232 	19250
all_3UTRgene	232 	20071
all_pseudogene	0 	760
all_TrEl	1 	2427
all_miRNA	1 	139
all_snRNA	0 	12
all_snoRNA	0 	41
all_tRNA	0 	16
all_rRNA	0 	3
all_other_non-coding	4 	370

#OVERLAP STATISTICS, LIST vs BACKGROUND + FOLD ENRICHMENT + FISHER P-VALUE (HYPERGEOMETRIC TEST)

#N genes with RNA structure overlap (RNA partially contained in gene limits)
protein-coding	32 	754 	4.73 	3.330302e-13
pseudogene	0 	8 	- 	1
TrEl	0 	1 	- 	1
miRNA	0 	4 	- 	1
snRNA	0 	1 	- 	1
snoRNA	0 	0 	- 	1
tRNA	0 	0 	- 	1
rRNA	0 	0 	- 	1
other_non-coding	0 	5 	- 	1

#N genes with RNA structure overlap (RNA FULLY contained in gene limits)
protein-coding	32 	751 	4.75 	2.992044e-13
pseudogene	0 	8 	- 	1
TrEl	0 	1 	- 	1
miRNA	0 	4 	- 	1
snRNA	0 	1 	- 	1
snoRNA	0 	0 	- 	1
tRNA	0 	0 	- 	1
rRNA	0 	0 	- 	1
other_non-coding	0 	5 	- 	1

#N protein-coding genes with RNA structure overlapping exon feature (RNA partially contained in gene limits)
5UTR	0 	1 	- 	1
3UTR	0 	4 	- 	1
CDS	32 	742 	4.80 	2.16282e-13
exon	32 	746 	4.78 	2.499914e-13

#N protein-coding genes with RNA structure overlapping exon feature (RNA FULLY contained in gene limits)
5UTR	0 	1 	- 	1
3UTR	0 	4 	- 	1
CDS	32 	739 	4.82 	1.938942e-13
exon	32 	743 	4.80 	2.242777e-13

#N protein-coding genes with RNA structure not overlapping exon feature (RNA partially contained in gene limits)
intron	0 	8 	- 	1

#N protein-coding genes with RNA structure not overlapping exon feature (RNA FULLY contained in gene limits)
intron	0 	8 	- 	1

#N protein-coding genes with RNA structure FULLY CONTAINED IN EXON FEATURE LIMITS
CDS_FULL	25 	639 	4.36 	8.290904e-10
exon_FULL	25 	643 	4.33 	9.418734e-10

***WARNING: YOU CANNOT USE THIS AS BACKGROUND FILE!***

