
#PROGRESS REPORT

#gene list (AGI loci) loaded
#background loaded
#representative models loaded
#RNA loaded
#GFF3 loaded
#OVERLAP done (general)
#OVERLAP done (protein-coding genes)
#FOLD-ENRICHMENT + FISHER TEST for p-value done

################################################

#INPUT FILES

#INPUT LIST:	list_Tpos.txt
#BACKGROUND:	allgenesArray.NOfilter.bkg

#TAIR MODELS:	TAIR10_representative_gene_models.txt
#GFF3 ANNOT.:	TAIR10_GFF3_genes.gff
#RNA ANNOT.:	UCSC_RNAstr_annotation.txt

################################################

#FILTERING OPTIONS (RNA structure)

#min SCORE:	0
#MIN length:	0
#MAX length:	1000

################################################

#OUTPUT STATISTICS

#unique RNA coordinates passing filtering:	86395
#(total allowing identical coordinates):	86672

#N genes with mapped model:	7
#(original N genes from list):	7

#N genes (list vs background)
all_protein-coding	7 	26405
all_5UTRgene	7 	19250
all_3UTRgene	7 	20071
all_pseudogene	0 	760
all_TrEl	0 	2427
all_miRNA	0 	139
all_snRNA	0 	12
all_snoRNA	0 	41
all_tRNA	0 	16
all_rRNA	0 	3
all_other_non-coding	0 	370

#OVERLAP STATISTICS, LIST vs BACKGROUND + FISHER P-VALUE

#N genes with RNA structure overlap (RNA partially contained in gene limits)
protein-coding	6 	18030 	1.26 	0.4435711
pseudogene	0 	250 	- 	1
TrEl	0 	74 	- 	1
miRNA	0 	42 	- 	1
snRNA	0 	12 	- 	1
snoRNA	0 	8 	- 	1
tRNA	0 	2 	- 	1
rRNA	0 	0 	- 	1
other_non-coding	0 	158 	- 	1

#N genes with RNA structure overlap (RNA FULLY contained in gene limits)
protein-coding	6 	18006 	1.26 	0.4430727
pseudogene	0 	244 	- 	1
TrEl	0 	73 	- 	1
miRNA	0 	35 	- 	1
snRNA	0 	12 	- 	1
snoRNA	0 	7 	- 	1
tRNA	0 	1 	- 	1
rRNA	0 	0 	- 	1
other_non-coding	0 	156 	- 	1

#N protein-coding genes with RNA structure overlapping exon feature (RNA partially contained in gene limits)
5UTR	0 	100 	- 	1
3UTR	0 	165 	- 	1
CDS	6 	17737 	1.28 	0.4383581
exon	6 	17908 	1.26 	0.4411702

#N protein-coding genes with RNA structure overlapping exon feature (RNA FULLY contained in gene limits)
5UTR	0 	93 	- 	1
3UTR	0 	153 	- 	1
CDS	6 	17705 	1.28 	0.4379033
exon	6 	17861 	1.27 	0.440333

#N protein-coding genes with RNA structure not overlapping exon feature (RNA partially contained in gene limits)
intron	0 	122 	- 	1

#N protein-coding genes with RNA structure not overlapping exon feature (RNA FULLY contained in gene limits)
intron	0 	120 	- 	1

#N protein-coding genes with RNA structure FULLY CONTAINED IN EXON FEATURE LIMITS
CDS_FULL	5 	15233 	1.24 	0.7063317
exon_FULL	5 	15469 	1.22 	0.7070813

***WARNING: YOU CANNOT USE THIS AS BACKGROUND FILE!***

