
#PROGRESS REPORT

#gene list (AGI loci) loaded
#background loaded
#representative models loaded
#RNA loaded
#GFF3 loaded
#OVERLAP done (general)
#OVERLAP done (protein-coding genes)
#FOLD-ENRICHMENT + FISHER TEST for p-value done

################################################

#INPUT FILES

#INPUT LIST:	list_Tnochange.txt
#BACKGROUND:	allgenesArray.L6_S415.bkg

#TAIR MODELS:	TAIR10_representative_gene_models.txt
#GFF3 ANNOT.:	TAIR10_GFF3_genes.gff
#RNA ANNOT.:	UCSC_RNAstr_annotation.txt

################################################

#FILTERING OPTIONS (RNA structure)

#min SCORE:	415
#MIN length:	6
#MAX length:	1000

################################################

#OUTPUT STATISTICS

#unique RNA coordinates passing filtering:	4335
#(total allowing identical coordinates):	4364

#N genes with mapped model:	150
#(original N genes from list):	150

#N genes (list vs background)
all_protein-coding	150 	26405
all_5UTRgene	149 	19250
all_3UTRgene	149 	20071
all_pseudogene	0 	760
all_TrEl	0 	2427
all_miRNA	0 	139
all_snRNA	0 	12
all_snoRNA	0 	41
all_tRNA	0 	16
all_rRNA	0 	3
all_other_non-coding	0 	370

#OVERLAP STATISTICS, LIST vs BACKGROUND + FOLD ENRICHMENT + FISHER P-VALUE (HYPERGEOMETRIC TEST)

#N genes with RNA structure overlap (RNA partially contained in gene limits)
protein-coding	24 	754 	5.60 	7.891263e-12
pseudogene	0 	8 	- 	1
TrEl	0 	1 	- 	1
miRNA	0 	4 	- 	1
snRNA	0 	1 	- 	1
snoRNA	0 	0 	- 	1
tRNA	0 	0 	- 	1
rRNA	0 	0 	- 	1
other_non-coding	0 	5 	- 	1

#N genes with RNA structure overlap (RNA FULLY contained in gene limits)
protein-coding	24 	751 	5.63 	7.261991e-12
pseudogene	0 	8 	- 	1
TrEl	0 	1 	- 	1
miRNA	0 	4 	- 	1
snRNA	0 	1 	- 	1
snoRNA	0 	0 	- 	1
tRNA	0 	0 	- 	1
rRNA	0 	0 	- 	1
other_non-coding	0 	5 	- 	1

#N protein-coding genes with RNA structure overlapping exon feature (RNA partially contained in gene limits)
5UTR	0 	1 	- 	1
3UTR	0 	4 	- 	1
CDS	24 	742 	5.69 	5.646055e-12
exon	24 	746 	5.66 	6.31715e-12

#N protein-coding genes with RNA structure overlapping exon feature (RNA FULLY contained in gene limits)
5UTR	0 	1 	- 	1
3UTR	0 	4 	- 	1
CDS	24 	739 	5.72 	5.187492e-12
exon	24 	743 	5.69 	5.807221e-12

#N protein-coding genes with RNA structure not overlapping exon feature (RNA partially contained in gene limits)
intron	0 	8 	- 	1

#N protein-coding genes with RNA structure not overlapping exon feature (RNA FULLY contained in gene limits)
intron	0 	8 	- 	1

#N protein-coding genes with RNA structure FULLY CONTAINED IN EXON FEATURE LIMITS
CDS_FULL	19 	639 	5.23 	4.361858e-09
exon_FULL	19 	643 	5.20 	4.825846e-09

***WARNING: YOU CANNOT USE THIS AS BACKGROUND FILE!***

