
#PROGRESS REPORT

#gene list (AGI loci) loaded
#background loaded
#representative models loaded
#RNA loaded
#GFF3 loaded
#OVERLAP done (general)
#OVERLAP done (protein-coding genes)
#FOLD-ENRICHMENT + FISHER TEST for p-value done

################################################

#INPUT FILES

#INPUT LIST:	list_Tpos.txt
#BACKGROUND:	allgenesArray.L20.bkg

#TAIR MODELS:	TAIR10_representative_gene_models.txt
#GFF3 ANNOT.:	TAIR10_GFF3_genes.gff
#RNA ANNOT.:	UCSC_RNAstr_annotation.txt

################################################

#FILTERING OPTIONS (RNA structure)

#min SCORE:	0
#MIN length:	20
#MAX length:	1000

################################################

#OUTPUT STATISTICS

#unique RNA coordinates passing filtering:	51118
#(total allowing identical coordinates):	51366

#N genes with mapped model:	7
#(original N genes from list):	7

#N genes (list vs background)
all_protein-coding	7 	26405
all_5UTRgene	7 	19250
all_3UTRgene	7 	20071
all_pseudogene	0 	760
all_TrEl	0 	2427
all_miRNA	0 	139
all_snRNA	0 	12
all_snoRNA	0 	41
all_tRNA	0 	16
all_rRNA	0 	3
all_other_non-coding	0 	370

#OVERLAP STATISTICS, LIST vs BACKGROUND + FOLD ENRICHMENT + FISHER P-VALUE (HYPERGEOMETRIC TEST)

#N genes with RNA structure overlap (RNA partially contained in gene limits)
protein-coding	6 	6165 	3.67 	0.0009054672
pseudogene	0 	101 	- 	1
TrEl	0 	15 	- 	1
miRNA	0 	6 	- 	1
snRNA	0 	1 	- 	1
snoRNA	0 	0 	- 	1
tRNA	0 	1 	- 	1
rRNA	0 	0 	- 	1
other_non-coding	0 	61 	- 	1

#N genes with RNA structure overlap (RNA FULLY contained in gene limits)
protein-coding	6 	6152 	3.68 	0.0008945385
pseudogene	0 	96 	- 	1
TrEl	0 	15 	- 	1
miRNA	0 	3 	- 	1
snRNA	0 	1 	- 	1
snoRNA	0 	0 	- 	1
tRNA	0 	0 	- 	1
rRNA	0 	0 	- 	1
other_non-coding	0 	61 	- 	1

#N protein-coding genes with RNA structure overlapping exon feature (RNA partially contained in gene limits)
5UTR	0 	38 	- 	1
3UTR	0 	67 	- 	1
CDS	6 	6079 	3.72 	0.0008351516
exon	6 	6129 	3.69 	0.0008754671

#N protein-coding genes with RNA structure overlapping exon feature (RNA FULLY contained in gene limits)
5UTR	0 	36 	- 	1
3UTR	0 	63 	- 	1
CDS	6 	6066 	3.73 	0.000824922
exon	6 	6111 	3.70 	0.0008607744

#N protein-coding genes with RNA structure not overlapping exon feature (RNA partially contained in gene limits)
intron	0 	36 	- 	1

#N protein-coding genes with RNA structure not overlapping exon feature (RNA FULLY contained in gene limits)
intron	0 	33 	- 	1

#N protein-coding genes with RNA structure FULLY CONTAINED IN EXON FEATURE LIMITS
CDS_FULL	3 	4935 	2.29 	0.1262211
exon_FULL	3 	5030 	2.25 	0.1320486

***WARNING: YOU CANNOT USE THIS AS BACKGROUND FILE!***

