
#PROGRESS REPORT

#gene list (AGI loci) loaded
#background loaded
#representative models loaded
#RNA loaded
#GFF3 loaded
#OVERLAP done (general)
#OVERLAP done (protein-coding genes)
#FOLD-ENRICHMENT + FISHER TEST for p-value done

################################################

#INPUT FILES

#INPUT LIST:	list_LOADneg.txt
#BACKGROUND:	allgenesArray.L6_S201.bkg

#TAIR MODELS:	TAIR10_representative_gene_models.txt
#GFF3 ANNOT.:	TAIR10_GFF3_genes.gff
#RNA ANNOT.:	UCSC_RNAstr_annotation.txt

################################################

#FILTERING OPTIONS (RNA structure)

#min SCORE:	201
#MIN length:	6
#MAX length:	1000

################################################

#OUTPUT STATISTICS

#unique RNA coordinates passing filtering:	43389
#(total allowing identical coordinates):	43493

#N genes with mapped model:	10
#(original N genes from list):	10

#N genes (list vs background)
all_protein-coding	7 	26405
all_5UTRgene	6 	19250
all_3UTRgene	6 	20071
all_pseudogene	0 	760
all_TrEl	1 	2427
all_miRNA	0 	139
all_snRNA	0 	12
all_snoRNA	0 	41
all_tRNA	0 	16
all_rRNA	0 	3
all_other_non-coding	2 	370

#OVERLAP STATISTICS, LIST vs BACKGROUND + FOLD ENRICHMENT + FISHER P-VALUE (HYPERGEOMETRIC TEST)

#N genes with RNA structure overlap (RNA partially contained in gene limits)
protein-coding	2 	14411 	0.52 	0.2568898
pseudogene	0 	160 	- 	1
TrEl	0 	35 	- 	1
miRNA	0 	35 	- 	1
snRNA	0 	12 	- 	1
snoRNA	0 	6 	- 	1
tRNA	0 	2 	- 	1
rRNA	0 	0 	- 	1
other_non-coding	0 	116 	- 	1

#N genes with RNA structure overlap (RNA FULLY contained in gene limits)
protein-coding	2 	14395 	0.52 	0.2571393
pseudogene	0 	159 	- 	1
TrEl	0 	34 	- 	1
miRNA	0 	28 	- 	1
snRNA	0 	12 	- 	1
snoRNA	0 	5 	- 	1
tRNA	0 	1 	- 	1
rRNA	0 	0 	- 	1
other_non-coding	0 	112 	- 	1

#N protein-coding genes with RNA structure overlapping exon feature (RNA partially contained in gene limits)
5UTR	0 	51 	- 	1
3UTR	0 	90 	- 	1
CDS	2 	14212 	0.53 	0.260338
exon	2 	14315 	0.53 	0.2584597

#N protein-coding genes with RNA structure overlapping exon feature (RNA FULLY contained in gene limits)
5UTR	0 	48 	- 	1
3UTR	0 	84 	- 	1
CDS	2 	14194 	0.53 	0.2606867
exon	2 	14291 	0.53 	0.2588795

#N protein-coding genes with RNA structure not overlapping exon feature (RNA partially contained in gene limits)
intron	0 	96 	- 	1

#N protein-coding genes with RNA structure not overlapping exon feature (RNA FULLY contained in gene limits)
intron	0 	94 	- 	1

#N protein-coding genes with RNA structure FULLY CONTAINED IN EXON FEATURE LIMITS
CDS_FULL	2 	11971 	0.63 	0.4672174
exon_FULL	2 	12093 	0.62 	0.4645707

***WARNING: YOU CANNOT USE THIS AS BACKGROUND FILE!***

