
#PROGRESS REPORT

#gene list (AGI loci) loaded
#background loaded
#representative models loaded
#RNA loaded
#GFF3 loaded
#OVERLAP done (general)
#OVERLAP done (protein-coding genes)
#FOLD-ENRICHMENT + FISHER TEST for p-value done

################################################

#INPUT FILES

#INPUT LIST:	list_Tnochange.txt
#BACKGROUND:	allgenesArray.L20_S415.bkg

#TAIR MODELS:	TAIR10_representative_gene_models.txt
#GFF3 ANNOT.:	TAIR10_GFF3_genes.gff
#RNA ANNOT.:	UCSC_RNAstr_annotation.txt

################################################

#FILTERING OPTIONS (RNA structure)

#min SCORE:	415
#MIN length:	20
#MAX length:	1000

################################################

#OUTPUT STATISTICS

#unique RNA coordinates passing filtering:	1683
#(total allowing identical coordinates):	1712

#N genes with mapped model:	150
#(original N genes from list):	150

#N genes (list vs background)
all_protein-coding	150 	26405
all_5UTRgene	149 	19250
all_3UTRgene	149 	20071
all_pseudogene	0 	760
all_TrEl	0 	2427
all_miRNA	0 	139
all_snRNA	0 	12
all_snoRNA	0 	41
all_tRNA	0 	16
all_rRNA	0 	3
all_other_non-coding	0 	370

#OVERLAP STATISTICS, LIST vs BACKGROUND + FOLD ENRICHMENT + FISHER P-VALUE (HYPERGEOMETRIC TEST)

#N genes with RNA structure overlap (RNA partially contained in gene limits)
protein-coding	5 	233 	3.78 	0.01079489
pseudogene	0 	2 	- 	1
TrEl	0 	0 	- 	1
miRNA	0 	0 	- 	1
snRNA	0 	1 	- 	1
snoRNA	0 	0 	- 	1
tRNA	0 	0 	- 	1
rRNA	0 	0 	- 	1
other_non-coding	0 	3 	- 	1

#N genes with RNA structure overlap (RNA FULLY contained in gene limits)
protein-coding	5 	232 	3.79 	0.01061053
pseudogene	0 	2 	- 	1
TrEl	0 	0 	- 	1
miRNA	0 	0 	- 	1
snRNA	0 	1 	- 	1
snoRNA	0 	0 	- 	1
tRNA	0 	0 	- 	1
rRNA	0 	0 	- 	1
other_non-coding	0 	2 	- 	1

#N protein-coding genes with RNA structure overlapping exon feature (RNA partially contained in gene limits)
5UTR	0 	2 	- 	1
3UTR	0 	2 	- 	1
CDS	5 	226 	3.89 	0.009549481
exon	5 	229 	3.84 	0.0100704

#N protein-coding genes with RNA structure overlapping exon feature (RNA FULLY contained in gene limits)
5UTR	0 	2 	- 	1
3UTR	0 	2 	- 	1
CDS	5 	225 	3.91 	0.009380052
exon	5 	228 	3.86 	0.009894644

#N protein-coding genes with RNA structure not overlapping exon feature (RNA partially contained in gene limits)
intron	0 	4 	- 	1

#N protein-coding genes with RNA structure not overlapping exon feature (RNA FULLY contained in gene limits)
intron	0 	4 	- 	1

#N protein-coding genes with RNA structure FULLY CONTAINED IN EXON FEATURE LIMITS
CDS_FULL	4 	187 	3.77 	0.02219738
exon_FULL	4 	191 	3.69 	0.02376339

***WARNING: YOU CANNOT USE THIS AS BACKGROUND FILE!***

